<?xml version="1.0" encoding="UTF-8"?>
<!-- Generated by org.testng.reporters.JUnitReportReporter -->
<testsuite hostname="DESKTOP-QUP2EO2" failures="0" tests="1" name="RSATest" time="19.691" errors="0" timestamp="2025-01-06T21:57:59 COT" skipped="0">
  <testcase classname="RSATest" name="HomePageCheck" time="19.691"/>
</testsuite> <!-- RSATest -->
